<?xml version="1.0" encoding="UTF-8" ?>
<testsuite failures="0" time="0.06" errors="0" skipped="0" tests="1" name="org.bookstore.AppTest">
  <properties>
    <property name="java.runtime.name" value="Java(TM) SE Runtime Environment"/>
    <property name="sun.boot.library.path" value="D:\java\jdk1.6.0_10\jre\bin"/>
    <property name="java.vm.version" value="11.0-b15"/>
    <property name="java.vm.vendor" value="Sun Microsystems Inc."/>
    <property name="java.vendor.url" value="http://java.sun.com/"/>
    <property name="path.separator" value=";"/>
    <property name="java.vm.name" value="Java HotSpot(TM) Client VM"/>
    <property name="file.encoding.pkg" value="sun.io"/>
    <property name="user.country" value="US"/>
    <property name="sun.java.launcher" value="SUN_STANDARD"/>
    <property name="sun.os.patch.level" value="Service Pack 1"/>
    <property name="java.vm.specification.name" value="Java Virtual Machine Specification"/>
    <property name="user.dir" value="D:\project\nebula\bookstore"/>
    <property name="java.runtime.version" value="1.6.0_10-rc2-b32"/>
    <property name="java.awt.graphicsenv" value="sun.awt.Win32GraphicsEnvironment"/>
    <property name="basedir" value="D:\project\nebula\bookstore"/>
    <property name="java.endorsed.dirs" value="D:\java\jdk1.6.0_10\jre\lib\endorsed"/>
    <property name="os.arch" value="x86"/>
    <property name="surefire.real.class.path" value="C:\Users\Nicky\AppData\Local\Temp\surefirebooter10662.jar"/>
    <property name="java.io.tmpdir" value="C:\Users\Nicky\AppData\Local\Temp\"/>
    <property name="line.separator" value="
"/>
    <property name="java.vm.specification.vendor" value="Sun Microsystems Inc."/>
    <property name="user.variant" value=""/>
    <property name="os.name" value="Windows Vista"/>
    <property name="sun.jnu.encoding" value="GB18030"/>
    <property name="java.library.path" value="D:\java\jdk1.6.0_10\jre\bin;.;C:\Windows\Sun\Java\bin;C:\Windows\system32;C:\Windows;D:\oracle\product\10.2.0\client_1\bin;C:\Program Files\Common Files\Microsoft Shared\Windows Live;C:\Program Files (x86)\Common Files\Microsoft Shared\Windows Live;C:\Windows\system32;C:\Windows;C:\Windows\System32\Wbem;C:\Windows\System32\WindowsPowerShell\v1.0\;C:\Program Files (x86)\Common Files\Roxio Shared\DLLShared\;C:\Program Files (x86)\Common Files\Roxio Shared\OEM\DLLShared\;C:\Program Files (x86)\Common Files\Roxio Shared\OEM\DLLShared\;C:\Program Files (x86)\Common Files\Roxio Shared\OEM\12.0\DLLShared\;C:\Program Files (x86)\Roxio\OEM\AudioCore\;c:\Program Files (x86)\ATI Technologies\ATI.ACE\Core-Static;c:\Program Files\WIDCOMM\Bluetooth Software\;c:\Program Files\WIDCOMM\Bluetooth Software\syswow64;C:\Program Files\Intel\WiFi\bin\;C:\Program Files\Common Files\Intel\WirelessCommon\;C:\Program Files (x86)\Windows Live\Shared;C:\Program Files (x86)\SinoVoice\jTTS 5.0 Desktop\Bin;D:\java\apache-ant-1.8.1\bin;D:\java\apache-maven-3.0.3\bin;D:\Java\jdk1.6.0_10\bin;D:\scala-2.8.1.final\bin"/>
    <property name="surefire.test.class.path" value="D:\project\nebula\bookstore\target\test-classes;D:\project\nebula\bookstore\target\classes;C:\Users\Nicky\.m2\it\trace\nebula\nebula-rest\0.0.1\nebula-rest-0.0.1.jar;C:\Users\Nicky\.m2\com\google\inject\guice\3.0\guice-3.0-no_aop.jar;C:\Users\Nicky\.m2\javax\inject\javax.inject\1\javax.inject-1.jar;C:\Users\Nicky\.m2\aopalliance\aopalliance\1.0\aopalliance-1.0.jar;C:\Users\Nicky\.m2\commons-logging\commons-logging\1.1.1\commons-logging-1.1.1.jar;C:\Users\Nicky\.m2\org\codehaus\jackson\jackson-core-asl\1.8.1\jackson-core-asl-1.8.1.jar;C:\Users\Nicky\.m2\org\codehaus\jackson\jackson-mapper-asl\1.8.1\jackson-mapper-asl-1.8.1.jar;C:\Users\Nicky\.m2\commons-lang\commons-lang\2.5\commons-lang-2.5.jar;C:\Users\Nicky\.m2\javax\servlet\servlet-api\2.5\servlet-api-2.5.jar;C:\Users\Nicky\.m2\net\sf\json-lib\json-lib\2.4\json-lib-2.4-jdk15.jar;C:\Users\Nicky\.m2\commons-beanutils\commons-beanutils\1.8.0\commons-beanutils-1.8.0.jar;C:\Users\Nicky\.m2\commons-collections\commons-collections\3.2.1\commons-collections-3.2.1.jar;C:\Users\Nicky\.m2\net\sf\ezmorph\ezmorph\1.0.6\ezmorph-1.0.6.jar;C:\Users\Nicky\.m2\junit\junit\4.8.2\junit-4.8.2.jar;C:\Users\Nicky\.m2\taglibs\standard\1.1.2\standard-1.1.2.jar;"/>
    <property name="java.specification.name" value="Java Platform API Specification"/>
    <property name="java.class.version" value="50.0"/>
    <property name="sun.management.compiler" value="HotSpot Client Compiler"/>
    <property name="os.version" value="6.1"/>
    <property name="user.home" value="C:\Users\Nicky"/>
    <property name="user.timezone" value=""/>
    <property name="java.awt.printerjob" value="sun.awt.windows.WPrinterJob"/>
    <property name="java.specification.version" value="1.6"/>
    <property name="file.encoding" value="Cp1252"/>
    <property name="user.name" value="Nicky"/>
    <property name="java.class.path" value="D:\project\nebula\bookstore\target\test-classes;D:\project\nebula\bookstore\target\classes;C:\Users\Nicky\.m2\it\trace\nebula\nebula-rest\0.0.1\nebula-rest-0.0.1.jar;C:\Users\Nicky\.m2\com\google\inject\guice\3.0\guice-3.0-no_aop.jar;C:\Users\Nicky\.m2\javax\inject\javax.inject\1\javax.inject-1.jar;C:\Users\Nicky\.m2\aopalliance\aopalliance\1.0\aopalliance-1.0.jar;C:\Users\Nicky\.m2\commons-logging\commons-logging\1.1.1\commons-logging-1.1.1.jar;C:\Users\Nicky\.m2\org\codehaus\jackson\jackson-core-asl\1.8.1\jackson-core-asl-1.8.1.jar;C:\Users\Nicky\.m2\org\codehaus\jackson\jackson-mapper-asl\1.8.1\jackson-mapper-asl-1.8.1.jar;C:\Users\Nicky\.m2\commons-lang\commons-lang\2.5\commons-lang-2.5.jar;C:\Users\Nicky\.m2\javax\servlet\servlet-api\2.5\servlet-api-2.5.jar;C:\Users\Nicky\.m2\net\sf\json-lib\json-lib\2.4\json-lib-2.4-jdk15.jar;C:\Users\Nicky\.m2\commons-beanutils\commons-beanutils\1.8.0\commons-beanutils-1.8.0.jar;C:\Users\Nicky\.m2\commons-collections\commons-collections\3.2.1\commons-collections-3.2.1.jar;C:\Users\Nicky\.m2\net\sf\ezmorph\ezmorph\1.0.6\ezmorph-1.0.6.jar;C:\Users\Nicky\.m2\junit\junit\4.8.2\junit-4.8.2.jar;C:\Users\Nicky\.m2\taglibs\standard\1.1.2\standard-1.1.2.jar;"/>
    <property name="java.vm.specification.version" value="1.0"/>
    <property name="sun.arch.data.model" value="32"/>
    <property name="java.home" value="D:\java\jdk1.6.0_10\jre"/>
    <property name="java.specification.vendor" value="Sun Microsystems Inc."/>
    <property name="user.language" value="en"/>
    <property name="awt.toolkit" value="sun.awt.windows.WToolkit"/>
    <property name="java.vm.info" value="mixed mode, sharing"/>
    <property name="java.version" value="1.6.0_10-rc2"/>
    <property name="java.ext.dirs" value="D:\java\jdk1.6.0_10\jre\lib\ext;C:\Windows\Sun\Java\lib\ext"/>
    <property name="sun.boot.class.path" value="D:\java\jdk1.6.0_10\jre\lib\resources.jar;D:\java\jdk1.6.0_10\jre\lib\rt.jar;D:\java\jdk1.6.0_10\jre\lib\sunrsasign.jar;D:\java\jdk1.6.0_10\jre\lib\jsse.jar;D:\java\jdk1.6.0_10\jre\lib\jce.jar;D:\java\jdk1.6.0_10\jre\lib\charsets.jar;D:\java\jdk1.6.0_10\jre\classes"/>
    <property name="java.vendor" value="Sun Microsystems Inc."/>
    <property name="localRepository" value="C:\Users\Nicky\.m2"/>
    <property name="file.separator" value="\"/>
    <property name="java.vendor.url.bug" value="http://java.sun.com/cgi-bin/bugreport.cgi"/>
    <property name="sun.cpu.endian" value="little"/>
    <property name="sun.io.unicode.encoding" value="UnicodeLittle"/>
    <property name="sun.desktop" value="windows"/>
    <property name="sun.cpu.isalist" value="pentium_pro+mmx pentium_pro pentium+mmx pentium i486 i386 i86"/>
  </properties>
  <testcase time="0.004" classname="org.bookstore.AppTest" name="testApp"/>
</testsuite>